<?xml version="1.0" encoding="UTF-8"?>
<testng-results ignored="0" total="1" passed="1" failed="0" skipped="0">
  <reporter-output>
  </reporter-output>
  <suite started-at="2021-02-06T16:11:13 IST" name="Default suite" finished-at="2021-02-06T16:12:34 IST" duration-ms="80993">
    <groups>
    </groups>
    <test started-at="2021-02-06T16:11:13 IST" name="Default test" finished-at="2021-02-06T16:12:34 IST" duration-ms="80993">
      <class name="com.LawyerWangu.test.Tests">
        <test-method is-config="true" signature="openBrowser()[pri:0, instance:com.LawyerWangu.test.Tests@5db45159]" started-at="2021-02-06T16:11:13 IST" name="openBrowser" finished-at="2021-02-06T16:11:21 IST" duration-ms="7951" status="PASS">
          <reporter-output>
          </reporter-output>
        </test-method> <!-- openBrowser -->
        <test-method is-config="true" signature="login()[pri:0, instance:com.LawyerWangu.test.Tests@5db45159]" started-at="2021-02-06T16:11:21 IST" name="login" finished-at="2021-02-06T16:11:33 IST" duration-ms="11547" status="PASS">
          <reporter-output>
          </reporter-output>
        </test-method> <!-- login -->
        <test-method signature="test()[pri:0, instance:com.LawyerWangu.test.Tests@5db45159]" started-at="2021-02-06T16:11:33 IST" name="test" finished-at="2021-02-06T16:12:31 IST" duration-ms="58724" status="PASS">
          <reporter-output>
          </reporter-output>
        </test-method> <!-- test -->
        <test-method is-config="true" signature="logout()[pri:0, instance:com.LawyerWangu.test.Tests@5db45159]" started-at="2021-02-06T16:12:31 IST" name="logout" finished-at="2021-02-06T16:12:34 IST" duration-ms="2628" status="PASS">
          <reporter-output>
          </reporter-output>
        </test-method> <!-- logout -->
        <test-method is-config="true" signature="closeBrowser()[pri:0, instance:com.LawyerWangu.test.Tests@5db45159]" started-at="2021-02-06T16:12:34 IST" name="closeBrowser" finished-at="2021-02-06T16:12:34 IST" duration-ms="89" status="PASS">
          <reporter-output>
          </reporter-output>
        </test-method> <!-- closeBrowser -->
      </class> <!-- com.LawyerWangu.test.Tests -->
    </test> <!-- Default test -->
  </suite> <!-- Default suite -->
</testng-results>
